# JRE version: OpenJDK Runtime Environment Temurin-21.0.6+7 (21.0.6+7) (build 21.0.6+7-LTS)
# Java VM: OpenJDK 64-Bit Server VM Temurin-21.0.6+7 (21.0.6+7-LTS, mixed mode, sharing, tiered, compressed oops, compressed class ptrs, parallel gc, windows-amd64)
GC Precious Log:
 CardTable entry size: 512
 CPUs: 8 total, 8 available
 Memory: 16167M
 Large Page Support: Disabled
 NUMA Support: Disabled
 Compressed Oops: Enabled (32-bit)
 Alignments: Space 512K, Generation 512K, Heap 2M
 Heap Min Capacity: 100M
 Heap Initial Capacity: 100M
 Heap Max Capacity: 1G
 Pre-touch: Disabled
 Parallel Workers: 8
Heap:
 PSYoungGen      total 17920K, used 12688K [0x00000000eab00000, 0x00000000ec000000, 0x0000000100000000)
  eden space 15360K, 66% used [0x00000000eab00000,0x00000000eb4f12b0,0x00000000eba00000)
  from space 2560K, 97% used [0x00000000ebd80000,0x00000000ebff30e8,0x00000000ec000000)
  to   space 3072K, 0% used [0x00000000eba00000,0x00000000eba00000,0x00000000ebd00000)
 ParOldGen       total 69632K, used 65819K [0x00000000c0000000, 0x00000000c4400000, 0x00000000eab00000)
  object space 69632K, 94% used [0x00000000c0000000,0x00000000c4046cf8,0x00000000c4400000)
 Metaspace       used 60226K, committed 61440K, reserved 1114112K
  class space    used 6334K, committed 6848K, reserved 1048576K
GC Heap History (20 events):
Event: 19.183 GC heap before
{Heap before GC invocations=34 (full 2):
 PSYoungGen      total 20992K, used 20530K [0x00000000eab00000, 0x00000000ec300000, 0x0000000100000000)
  eden space 17408K, 99% used [0x00000000eab00000,0x00000000ebbf4458,0x00000000ebc00000)
  from space 3584K, 88% used [0x00000000ebc00000,0x00000000ebf18498,0x00000000ebf80000)
  to   space 3584K, 0% used [0x00000000ebf80000,0x00000000ebf80000,0x00000000ec300000)
 ParOldGen       total 68608K, used 53122K [0x00000000c0000000, 0x00000000c4300000, 0x00000000eab00000)
  object space 68608K, 77% used [0x00000000c0000000,0x00000000c33e0980,0x00000000c4300000)
 Metaspace       used 56361K, committed 57600K, reserved 1114112K
  class space    used 5994K, committed 6528K, reserved 1048576K
}
Event: 19.188 GC heap after
{Heap after GC invocations=34 (full 2):
 PSYoungGen      total 20992K, used 3184K [0x00000000eab00000, 0x00000000ec300000, 0x0000000100000000)
  eden space 17408K, 0% used [0x00000000eab00000,0x00000000eab00000,0x00000000ebc00000)
  from space 3584K, 88% used [0x00000000ebf80000,0x00000000ec29c390,0x00000000ec300000)
  to   space 3584K, 0% used [0x00000000ebc00000,0x00000000ebc00000,0x00000000ebf80000)
 ParOldGen       total 68608K, used 56098K [0x00000000c0000000, 0x00000000c4300000, 0x00000000eab00000)
  object space 68608K, 81% used [0x00000000c0000000,0x00000000c36c8888,0x00000000c4300000)
 Metaspace       used 56361K, committed 57600K, reserved 1114112K
  class space    used 5994K, committed 6528K, reserved 1048576K
}
Event: 19.236 GC heap before
{Heap before GC invocations=35 (full 2):
 PSYoungGen      total 20992K, used 20559K [0x00000000eab00000, 0x00000000ec300000, 0x0000000100000000)
  eden space 17408K, 99% used [0x00000000eab00000,0x00000000ebbf7c20,0x00000000ebc00000)
  from space 3584K, 88% used [0x00000000ebf80000,0x00000000ec29c390,0x00000000ec300000)
  to   space 3584K, 0% used [0x00000000ebc00000,0x00000000ebc00000,0x00000000ebf80000)
 ParOldGen       total 68608K, used 56098K [0x00000000c0000000, 0x00000000c4300000, 0x00000000eab00000)
  object space 68608K, 81% used [0x00000000c0000000,0x00000000c36c8888,0x00000000c4300000)
 Metaspace       used 56499K, committed 57728K, reserved 1114112K
  class space    used 6003K, committed 6528K, reserved 1048576K
}
Event: 19.239 GC heap after
{Heap after GC invocations=35 (full 2):
 PSYoungGen      total 20992K, used 3031K [0x00000000eab00000, 0x00000000ec300000, 0x0000000100000000)
  eden space 17408K, 0% used [0x00000000eab00000,0x00000000eab00000,0x00000000ebc00000)
  from space 3584K, 84% used [0x00000000ebc00000,0x00000000ebef5e80,0x00000000ebf80000)
  to   space 3584K, 0% used [0x00000000ebf80000,0x00000000ebf80000,0x00000000ec300000)
 ParOldGen       total 68608K, used 59043K [0x00000000c0000000, 0x00000000c4300000, 0x00000000eab00000)
  object space 68608K, 86% used [0x00000000c0000000,0x00000000c39a8ea8,0x00000000c4300000)
 Metaspace       used 56499K, committed 57728K, reserved 1114112K
  class space    used 6003K, committed 6528K, reserved 1048576K
}
Event: 19.289 GC heap before
{Heap before GC invocations=36 (full 2):
 PSYoungGen      total 20992K, used 20439K [0x00000000eab00000, 0x00000000ec300000, 0x0000000100000000)
  eden space 17408K, 100% used [0x00000000eab00000,0x00000000ebc00000,0x00000000ebc00000)
  from space 3584K, 84% used [0x00000000ebc00000,0x00000000ebef5e80,0x00000000ebf80000)
  to   space 3584K, 0% used [0x00000000ebf80000,0x00000000ebf80000,0x00000000ec300000)
 ParOldGen       total 68608K, used 59043K [0x00000000c0000000, 0x00000000c4300000, 0x00000000eab00000)
  object space 68608K, 86% used [0x00000000c0000000,0x00000000c39a8ea8,0x00000000c4300000)
 Metaspace       used 56513K, committed 57728K, reserved 1114112K
  class space    used 6003K, committed 6528K, reserved 1048576K
}
Event: 19.292 GC heap after
{Heap after GC invocations=36 (full 2):
 PSYoungGen      total 19968K, used 2222K [0x00000000eab00000, 0x00000000ec200000, 0x0000000100000000)
  eden space 17408K, 0% used [0x00000000eab00000,0x00000000eab00000,0x00000000ebc00000)
  from space 2560K, 86% used [0x00000000ebf80000,0x00000000ec1abaf8,0x00000000ec200000)
  to   space 2560K, 0% used [0x00000000ebd00000,0x00000000ebd00000,0x00000000ebf80000)
 ParOldGen       total 68608K, used 61200K [0x00000000c0000000, 0x00000000c4300000, 0x00000000eab00000)
  object space 68608K, 89% used [0x00000000c0000000,0x00000000c3bc4218,0x00000000c4300000)
 Metaspace       used 56513K, committed 57728K, reserved 1114112K
  class space    used 6003K, committed 6528K, reserved 1048576K
}
Event: 19.338 GC heap before
{Heap before GC invocations=37 (full 2):
 PSYoungGen      total 19968K, used 19630K [0x00000000eab00000, 0x00000000ec200000, 0x0000000100000000)
  eden space 17408K, 100% used [0x00000000eab00000,0x00000000ebc00000,0x00000000ebc00000)
  from space 2560K, 86% used [0x00000000ebf80000,0x00000000ec1abaf8,0x00000000ec200000)
  to   space 2560K, 0% used [0x00000000ebd00000,0x00000000ebd00000,0x00000000ebf80000)
 ParOldGen       total 68608K, used 61200K [0x00000000c0000000, 0x00000000c4300000, 0x00000000eab00000)
  object space 68608K, 89% used [0x00000000c0000000,0x00000000c3bc4218,0x00000000c4300000)
 Metaspace       used 56726K, committed 57920K, reserved 1114112K
  class space    used 6011K, committed 6528K, reserved 1048576K
}
Event: 19.340 GC heap after
{Heap after GC invocations=37 (full 2):
 PSYoungGen      total 18944K, used 1303K [0x00000000eab00000, 0x00000000ec000000, 0x0000000100000000)
  eden space 17408K, 0% used [0x00000000eab00000,0x00000000eab00000,0x00000000ebc00000)
  from space 1536K, 84% used [0x00000000ebd00000,0x00000000ebe45e78,0x00000000ebe80000)
  to   space 1536K, 0% used [0x00000000ebe80000,0x00000000ebe80000,0x00000000ec000000)
 ParOldGen       total 68608K, used 62500K [0x00000000c0000000, 0x00000000c4300000, 0x00000000eab00000)
  object space 68608K, 91% used [0x00000000c0000000,0x00000000c3d092f8,0x00000000c4300000)
 Metaspace       used 56726K, committed 57920K, reserved 1114112K
  class space    used 6011K, committed 6528K, reserved 1048576K
}
Event: 19.507 GC heap before
{Heap before GC invocations=38 (full 2):
 PSYoungGen      total 18944K, used 18711K [0x00000000eab00000, 0x00000000ec000000, 0x0000000100000000)
  eden space 17408K, 100% used [0x00000000eab00000,0x00000000ebc00000,0x00000000ebc00000)
  from space 1536K, 84% used [0x00000000ebd00000,0x00000000ebe45e78,0x00000000ebe80000)
  to   space 1536K, 0% used [0x00000000ebe80000,0x00000000ebe80000,0x00000000ec000000)
 ParOldGen       total 68608K, used 62500K [0x00000000c0000000, 0x00000000c4300000, 0x00000000eab00000)
  object space 68608K, 91% used [0x00000000c0000000,0x00000000c3d092f8,0x00000000c4300000)
 Metaspace       used 57910K, committed 59136K, reserved 1114112K
  class space    used 6133K, committed 6656K, reserved 1048576K
}
Event: 19.509 GC heap after
{Heap after GC invocations=38 (full 2):
 PSYoungGen      total 16896K, used 1529K [0x00000000eab00000, 0x00000000ec500000, 0x0000000100000000)
  eden space 15360K, 0% used [0x00000000eab00000,0x00000000eab00000,0x00000000eba00000)
  from space 1536K, 99% used [0x00000000ebe80000,0x00000000ebffe7e8,0x00000000ec000000)
  to   space 4608K, 0% used [0x00000000eba00000,0x00000000eba00000,0x00000000ebe80000)
 ParOldGen       total 68608K, used 64863K [0x00000000c0000000, 0x00000000c4300000, 0x00000000eab00000)
  object space 68608K, 94% used [0x00000000c0000000,0x00000000c3f57e58,0x00000000c4300000)
 Metaspace       used 57910K, committed 59136K, reserved 1114112K
  class space    used 6133K, committed 6656K, reserved 1048576K
}
Event: 19.655 GC heap before
{Heap before GC invocations=39 (full 2):
 PSYoungGen      total 16896K, used 16889K [0x00000000eab00000, 0x00000000ec500000, 0x0000000100000000)
  eden space 15360K, 100% used [0x00000000eab00000,0x00000000eba00000,0x00000000eba00000)
  from space 1536K, 99% used [0x00000000ebe80000,0x00000000ebffe7e8,0x00000000ec000000)
  to   space 4608K, 0% used [0x00000000eba00000,0x00000000eba00000,0x00000000ebe80000)
 ParOldGen       total 68608K, used 64863K [0x00000000c0000000, 0x00000000c4300000, 0x00000000eab00000)
  object space 68608K, 94% used [0x00000000c0000000,0x00000000c3f57e58,0x00000000c4300000)
 Metaspace       used 58514K, committed 59776K, reserved 1114112K
  class space    used 6186K, committed 6720K, reserved 1048576K
}
Event: 19.657 GC heap after
{Heap after GC invocations=39 (full 2):
 PSYoungGen      total 18432K, used 2953K [0x00000000eab00000, 0x00000000ec100000, 0x0000000100000000)
  eden space 15360K, 0% used [0x00000000eab00000,0x00000000eab00000,0x00000000eba00000)
  from space 3072K, 96% used [0x00000000eba00000,0x00000000ebce25c0,0x00000000ebd00000)
  to   space 3584K, 0% used [0x00000000ebd80000,0x00000000ebd80000,0x00000000ec100000)
 ParOldGen       total 68608K, used 66335K [0x00000000c0000000, 0x00000000c4300000, 0x00000000eab00000)
  object space 68608K, 96% used [0x00000000c0000000,0x00000000c40c7c68,0x00000000c4300000)
 Metaspace       used 58514K, committed 59776K, reserved 1114112K
  class space    used 6186K, committed 6720K, reserved 1048576K
}
Event: 19.668 GC heap before
{Heap before GC invocations=40 (full 2):
 PSYoungGen      total 18432K, used 4164K [0x00000000eab00000, 0x00000000ec100000, 0x0000000100000000)
  eden space 15360K, 7% used [0x00000000eab00000,0x00000000eac2ee38,0x00000000eba00000)
  from space 3072K, 96% used [0x00000000eba00000,0x00000000ebce25c0,0x00000000ebd00000)
  to   space 3584K, 0% used [0x00000000ebd80000,0x00000000ebd80000,0x00000000ec100000)
 ParOldGen       total 68608K, used 66335K [0x00000000c0000000, 0x00000000c4300000, 0x00000000eab00000)
  object space 68608K, 96% used [0x00000000c0000000,0x00000000c40c7c68,0x00000000c4300000)
 Metaspace       used 58537K, committed 59776K, reserved 1114112K
  class space    used 6187K, committed 6720K, reserved 1048576K
}
Event: 19.671 GC heap after
{Heap after GC invocations=40 (full 2):
 PSYoungGen      total 15872K, used 384K [0x00000000eab00000, 0x00000000ebe00000, 0x0000000100000000)
  eden space 15360K, 0% used [0x00000000eab00000,0x00000000eab00000,0x00000000eba00000)
  from space 512K, 75% used [0x00000000ebd80000,0x00000000ebde0000,0x00000000ebe00000)
  to   space 1536K, 0% used [0x00000000ebb00000,0x00000000ebb00000,0x00000000ebc80000)
 ParOldGen       total 69632K, used 69217K [0x00000000c0000000, 0x00000000c4400000, 0x00000000eab00000)
  object space 69632K, 99% used [0x00000000c0000000,0x00000000c4398520,0x00000000c4400000)
 Metaspace       used 58537K, committed 59776K, reserved 1114112K
  class space    used 6187K, committed 6720K, reserved 1048576K
}
Event: 19.671 GC heap before
{Heap before GC invocations=41 (full 3):
 PSYoungGen      total 15872K, used 384K [0x00000000eab00000, 0x00000000ebe00000, 0x0000000100000000)
  eden space 15360K, 0% used [0x00000000eab00000,0x00000000eab00000,0x00000000eba00000)
  from space 512K, 75% used [0x00000000ebd80000,0x00000000ebde0000,0x00000000ebe00000)
  to   space 1536K, 0% used [0x00000000ebb00000,0x00000000ebb00000,0x00000000ebc80000)
 ParOldGen       total 69632K, used 69217K [0x00000000c0000000, 0x00000000c4400000, 0x00000000eab00000)
  object space 69632K, 99% used [0x00000000c0000000,0x00000000c4398520,0x00000000c4400000)
 Metaspace       used 58537K, committed 59776K, reserved 1114112K
  class space    used 6187K, committed 6720K, reserved 1048576K
}
Event: 19.771 GC heap after
{Heap after GC invocations=41 (full 3):
 PSYoungGen      total 15872K, used 0K [0x00000000eab00000, 0x00000000ebe00000, 0x0000000100000000)
  eden space 15360K, 0% used [0x00000000eab00000,0x00000000eab00000,0x00000000eba00000)
  from space 512K, 0% used [0x00000000ebd80000,0x00000000ebd80000,0x00000000ebe00000)
  to   space 1536K, 0% used [0x00000000ebb00000,0x00000000ebb00000,0x00000000ebc80000)
 ParOldGen       total 69632K, used 63088K [0x00000000c0000000, 0x00000000c4400000, 0x00000000eab00000)
  object space 69632K, 90% used [0x00000000c0000000,0x00000000c3d9c268,0x00000000c4400000)
 Metaspace       used 58537K, committed 59776K, reserved 1114112K
  class space    used 6187K, committed 6720K, reserved 1048576K
}
Event: 20.214 GC heap before
{Heap before GC invocations=42 (full 3):
 PSYoungGen      total 15872K, used 15360K [0x00000000eab00000, 0x00000000ebe00000, 0x0000000100000000)
  eden space 15360K, 100% used [0x00000000eab00000,0x00000000eba00000,0x00000000eba00000)
  from space 512K, 0% used [0x00000000ebd80000,0x00000000ebd80000,0x00000000ebe00000)
  to   space 1536K, 0% used [0x00000000ebb00000,0x00000000ebb00000,0x00000000ebc80000)
 ParOldGen       total 69632K, used 63088K [0x00000000c0000000, 0x00000000c4400000, 0x00000000eab00000)
  object space 69632K, 90% used [0x00000000c0000000,0x00000000c3d9c268,0x00000000c4400000)
 Metaspace       used 59617K, committed 60928K, reserved 1114112K
  class space    used 6292K, committed 6848K, reserved 1048576K
}
Event: 20.219 GC heap after
{Heap after GC invocations=42 (full 3):
 PSYoungGen      total 16896K, used 1526K [0x00000000eab00000, 0x00000000ec100000, 0x0000000100000000)
  eden space 15360K, 0% used [0x00000000eab00000,0x00000000eab00000,0x00000000eba00000)
  from space 1536K, 99% used [0x00000000ebb00000,0x00000000ebc7d840,0x00000000ebc80000)
  to   space 3584K, 0% used [0x00000000ebd80000,0x00000000ebd80000,0x00000000ec100000)
 ParOldGen       total 69632K, used 64299K [0x00000000c0000000, 0x00000000c4400000, 0x00000000eab00000)
  object space 69632K, 92% used [0x00000000c0000000,0x00000000c3ecad38,0x00000000c4400000)
 Metaspace       used 59617K, committed 60928K, reserved 1114112K
  class space    used 6292K, committed 6848K, reserved 1048576K
}
Event: 20.434 GC heap before
{Heap before GC invocations=43 (full 3):
 PSYoungGen      total 16896K, used 16886K [0x00000000eab00000, 0x00000000ec100000, 0x0000000100000000)
  eden space 15360K, 100% used [0x00000000eab00000,0x00000000eba00000,0x00000000eba00000)
  from space 1536K, 99% used [0x00000000ebb00000,0x00000000ebc7d840,0x00000000ebc80000)
  to   space 3584K, 0% used [0x00000000ebd80000,0x00000000ebd80000,0x00000000ec100000)
 ParOldGen       total 69632K, used 64299K [0x00000000c0000000, 0x00000000c4400000, 0x00000000eab00000)
  object space 69632K, 92% used [0x00000000c0000000,0x00000000c3ecad38,0x00000000c4400000)
 Metaspace       used 60199K, committed 61440K, reserved 1114112K
  class space    used 6334K, committed 6848K, reserved 1048576K
}
Event: 20.436 GC heap after
{Heap after GC invocations=43 (full 3):
 PSYoungGen      total 17920K, used 2508K [0x00000000eab00000, 0x00000000ec000000, 0x0000000100000000)
  eden space 15360K, 0% used [0x00000000eab00000,0x00000000eab00000,0x00000000eba00000)
  from space 2560K, 97% used [0x00000000ebd80000,0x00000000ebff30e8,0x00000000ec000000)
  to   space 3072K, 0% used [0x00000000eba00000,0x00000000eba00000,0x00000000ebd00000)
 ParOldGen       total 69632K, used 65819K [0x00000000c0000000, 0x00000000c4400000, 0x00000000eab00000)
  object space 69632K, 94% used [0x00000000c0000000,0x00000000c4046cf8,0x00000000c4400000)
 Metaspace       used 60199K, committed 61440K, reserved 1114112K
  class space    used 6334K, committed 6848K, reserved 1048576K
}

